[0]10 60 40 140 170 50 103 166
[0]10 60 40 140 170 50 617 115
[0]10 60 40 140 170 50 593 415
[0]10 60 40 140 170 50 586 12
[0]10 60 40 140 170 50 169 301
[0]10 60 40 140 170 50 442 427
[0]10 60 40 140 170 50 370 379
[0]10 60 40 140 170 50 483 166
[0]10 60 40 140 170 50 380 66
[0]10 60 40 140 170 50 212 376
[0]10 60 40 140 170 50 411 8
[0]10 60 40 140 170 50 487 429
[0]10 60 40 140 170 50 502 410
[0]10 60 40 140 170 50 302 163
[0]10 60 40 140 170 50 307 415
[0]10 60 40 140 170 50 329 282
[0]10 60 40 140 170 50 102 18
[0]10 60 40 140 170 50 269 87
[0]10 60 40 140 170 50 433 376
[0]10 60 40 140 170 50 291 442
[0]10 60 40 140 170 50 549 93
[0]10 60 40 140 170 50 261 119
[0]10 60 40 140 170 50 344 457
[0]10 60 40 140 170 50 478 404
[0]10 60 40 140 170 50 555 210
[0]180 130 100 120 130 190 333 166
[0]180 130 100 120 130 190 411 20
[0]180 130 100 120 130 190 596 273
[0]180 130 100 120 130 190 142 290
[0]180 130 100 120 130 190 116 1
[0]180 130 100 120 130 190 545 285
[0]180 130 100 120 130 190 604 327
[0]180 130 100 120 130 190 496 425
[0]180 130 100 120 130 190 446 129
[0]180 130 100 120 130 190 193 257
[1]180 130 100 120 130 190 124 135
[0]180 130 100 120 130 190 62 225
[0]180 130 100 120 130 190 254 87
[0]180 130 100 120 130 190 234 284
[0]180 130 100 120 130 190 363 470
[0]180 130 100 120 130 190 527 408
[0]180 130 100 120 130 190 476 458
[0]180 130 100 120 130 190 108 144
[0]180 130 100 120 130 190 443 251
[0]180 130 100 120 130 190 434 79
[0]180 130 100 120 130 190 572 180
[0]180 130 100 120 130 190 236 408
[0]180 130 100 120 130 190 219 412
[0]180 130 100 120 130 190 386 186
[0]180 130 100 120 130 190 254 419
[0]90 190 50 160 40 210 635 250
[0]90 190 50 160 40 210 554 58
[0]90 190 50 160 40 210 507 201
[0]90 190 50 160 40 210 337 422
[0]90 190 50 160 40 210 517 252
[0]90 190 50 160 40 210 252 116
[0]90 190 50 160 40 210 501 440
[0]90 190 50 160 40 210 446 1
[0]90 190 50 160 40 210 265 89
[0]90 190 50 160 40 210 604 59
[0]90 190 50 160 40 210 40 249
[0]90 190 50 160 40 210 271 277
[0]90 190 50 160 40 210 177 11
[0]90 190 50 160 40 210 241 275
[0]90 190 50 160 40 210 389 367
[0]90 190 50 160 40 210 247 256
[0]90 190 50 160 40 210 617 33
[0]90 190 50 160 40 210 186 5
[0]90 190 50 160 40 210 586 203
[0]90 190 50 160 40 210 459 464
[0]90 190 50 160 40 210 328 231
[0]90 190 50 160 40 210 612 29
[0]90 190 50 160 40 210 543 419
[0]90 190 50 160 40 210 30 168
[0]90 190 50 160 40 210 28 155
[0]180 190 150 180 160 210 100 69
[0]180 190 150 180 160 210 276 83
[0]180 190 150 180 160 210 218 325
[0]180 190 150 180 160 210 606 171
[0]180 190 150 180 160 210 121 35
[0]180 190 150 180 160 210 59 208
[0]180 190 150 180 160 210 484 68
[0]180 190 150 180 160 210 401 350
[0]180 190 150 180 160 210 393 220
[0]180 190 150 180 160 210 554 244
[0]180 190 150 180 160 210 44 274
[0]180 190 150 180 160 210 27 176
[0]180 190 150 180 160 210 303 411
[0]180 190 150 180 160 210 307 205
[0]180 190 150 180 160 210 99 16
[0]180 190 150 180 160 210 72 71
[0]180 190 150 180 160 210 277 28
[0]180 190 150 180 160 210 315 47
[0]180 190 150 180 160 210 34 121
[0]180 190 150 180 160 210 58 475
[0]180 190 150 180 160 210 509 277
[0]180 190 150 180 160 210 395 193
[0]180 190 150 180 160 210 538 188
[0]180 190 150 180 160 210 383 291
[0]180 190 150 180 160 210 248 9
[0]130 220 100 220 100 250 376 4
[0]130 220 100 220 100 250 283 403
[0]130 220 100 220 100 250 53 458
[0]130 220 100 220 100 250 206 40
[0]130 220 100 220 100 250 24 178
[0]130 220 100 220 100 250 568 288
[0]130 220 100 220 100 250 249 237
[0]130 220 100 220 100 250 317 276
[0]130 220 100 220 100 250 444 63
[0]130 220 100 220 100 250 590 23
[0]130 220 100 220 100 250 250 299
[0]130 220 100 220 100 250 492 5
[0]130 220 100 220 100 250 44 390
[0]130 220 100 220 100 250 545 299
[0]130 220 100 220 100 250 554 346
[0]130 220 100 220 100 250 469 2
[0]130 220 100 220 100 250 62 464
[0]130 220 100 220 100 250 437 147
[0]130 220 100 220 100 250 315 4
[0]130 220 100 220 100 250 348 371
[0]130 220 100 220 100 250 182 468
[0]130 220 100 220 100 250 179 303
[0]130 220 100 220 100 250 226 368
[0]130 220 100 220 100 250 100 382
[0]130 220 100 220 100 250 591 370
[0]60 250 20 230 10 250 405 361
[0]60 250 20 230 10 250 381 450
[0]60 250 20 230 10 250 78 425
[0]60 250 20 230 10 250 520 176
[0]60 250 20 230 10 250 84 306
[0]60 250 20 230 10 250 522 425
[0]60 250 20 230 10 250 468 136
[0]60 250 20 230 10 250 282 458
[0]60 250 20 230 10 250 444 117
[0]60 250 20 230 10 250 142 344
[0]60 250 20 230 10 250 40 36
[0]60 250 20 230 10 250 172 59
[0]60 250 20 230 10 250 499 430
[0]60 250 20 230 10 250 588 311
[0]60 250 20 230 10 250 173 251
[0]60 250 20 230 10 250 521 130
[0]60 250 20 230 10 250 613 134
[0]60 250 20 230 10 250 580 243
[0]60 250 20 230 10 250 559 461
[0]60 250 20 230 10 250 419 196
[0]60 250 20 230 10 250 639 333
[0]60 250 20 230 10 250 173 468
[0]60 250 20 230 10 250 630 295
[0]60 250 20 230 10 250 606 146
[0]60 250 20 230 10 250 284 300
