#! /usr/bin/vvp
:ivl_version "0.9.7 " "(v0_9_7)";
:vpi_time_precision + 0;
:vpi_module "system";
:vpi_module "v2005_math";
:vpi_module "va_math";
S_0x221c770 .scope module, "test" "test" 2 10;
 .timescale 0 0;
v0x222ae30_0 .var "i_clk", 0 0;
v0x222af00_0 .net "o_clk", 0 0, L_0x222afb0; 1 drivers
S_0x221c860 .scope module, "V" "values" 2 14, 2 1, S_0x221c770;
 .timescale 0 0;
L_0x222afb0 .functor BUFZ 1, v0x222ae30_0, C4<0>, C4<0>, C4<0>;
v0x21f8b10_0 .net "i_clk", 0 0, v0x222ae30_0; 1 drivers
v0x222ad90_0 .alias "o_clk", 0 0, v0x222af00_0;
    .scope S_0x221c770;
T_0 ;
    %delay 2, 0;
    %load/v 8, v0x222af00_0, 1;
    %inv 8, 1;
    %set/v v0x222ae30_0, 8, 1;
    %jmp T_0;
    .thread T_0;
    .scope S_0x221c770;
T_1 ;
    %vpi_call 2 22 "$dumpvars", 1'sb0, S_0x221c860;
    %ix/load 0, 1, 0;
    %assign/v0 v0x222ae30_0, 0, 0;
    %delay 500, 0;
    %vpi_call 2 25 "$finish";
    %end;
    .thread T_1;
# The file index is used to find the file name in the following table.
:file_names 3;
    "N/A";
    "<interactive>";
    "clock2.v";
