#! /usr/bin/vvp
:ivl_version "0.9.7 " "(v0_9_7)";
:vpi_time_precision + 0;
:vpi_module "system";
:vpi_module "v2005_math";
:vpi_module "va_math";
S_0xff6370 .scope module, "test" "test" 2 24;
 .timescale 0 0;
v0x10086b0_0 .var "a", 7 0;
v0x1008750_0 .var "b", 7 0;
v0x1008800_0 .net "c", 7 0, v0x1008480_0; 1 drivers
v0x10088b0_0 .var "clk", 0 0;
v0x1008990_0 .var "op", 1 0;
v0x1008a40_0 .net "v", 0 0, C4<z>; 0 drivers
S_0xff6460 .scope module, "A" "AluSeq" 2 35, 2 2, S_0xff6370;
 .timescale 0 0;
v0xff6550_0 .net "a", 7 0, v0x10086b0_0; 1 drivers
v0x1008340_0 .net "b", 7 0, v0x1008750_0; 1 drivers
v0x10083e0_0 .alias "c", 7 0, v0x1008800_0;
v0x1008480_0 .var "c_reg", 7 0;
v0x1008530_0 .net "clk", 0 0, v0x10088b0_0; 1 drivers
v0x10085d0_0 .net "op", 1 0, v0x1008990_0; 1 drivers
E_0xff8e50 .event posedge, v0x1008530_0;
    .scope S_0xff6460;
T_0 ;
    %wait E_0xff8e50;
    %load/v 8, v0x10085d0_0, 2;
    %cmpi/u 8, 0, 2;
    %jmp/1 T_0.0, 6;
    %cmpi/u 8, 1, 2;
    %jmp/1 T_0.1, 6;
    %cmpi/u 8, 2, 2;
    %jmp/1 T_0.2, 6;
    %cmpi/u 8, 3, 2;
    %jmp/1 T_0.3, 6;
    %ix/load 0, 8, 0;
    %assign/v0 v0x1008480_0, 0, 0;
    %jmp T_0.5;
T_0.0 ;
    %load/v 8, v0xff6550_0, 8;
    %load/v 16, v0x1008340_0, 8;
    %add 8, 16, 8;
    %ix/load 0, 8, 0;
    %assign/v0 v0x1008480_0, 0, 8;
    %jmp T_0.5;
T_0.1 ;
    %load/v 8, v0xff6550_0, 8;
    %load/v 16, v0x1008340_0, 8;
    %sub 8, 16, 8;
    %ix/load 0, 8, 0;
    %assign/v0 v0x1008480_0, 0, 8;
    %jmp T_0.5;
T_0.2 ;
    %load/v 8, v0xff6550_0, 8;
    %load/v 16, v0x1008340_0, 8;
    %and 8, 16, 8;
    %ix/load 0, 8, 0;
    %assign/v0 v0x1008480_0, 0, 8;
    %jmp T_0.5;
T_0.3 ;
    %load/v 8, v0xff6550_0, 8;
    %load/v 16, v0x1008340_0, 8;
    %or 8, 16, 8;
    %ix/load 0, 8, 0;
    %assign/v0 v0x1008480_0, 0, 8;
    %jmp T_0.5;
T_0.5 ;
    %jmp T_0;
    .thread T_0;
    .scope S_0xff6370;
T_1 ;
    %delay 3, 0;
    %load/v 8, v0x10088b0_0, 1;
    %inv 8, 1;
    %ix/load 0, 1, 0;
    %assign/v0 v0x10088b0_0, 0, 8;
    %jmp T_1;
    .thread T_1;
    .scope S_0xff6370;
T_2 ;
    %vpi_call 2 39 "$dumpvars", 1'sb0, S_0xff6460;
    %delay 2, 0;
    %ix/load 0, 1, 0;
    %assign/v0 v0x10088b0_0, 0, 0;
    %delay 10, 0;
    %movi 8, 7, 8;
    %ix/load 0, 8, 0;
    %assign/v0 v0x10086b0_0, 0, 8;
    %movi 8, 3, 8;
    %ix/load 0, 8, 0;
    %assign/v0 v0x1008750_0, 0, 8;
    %ix/load 0, 2, 0;
    %assign/v0 v0x1008990_0, 0, 0;
    %delay 20, 0;
    %movi 8, 1, 2;
    %ix/load 0, 2, 0;
    %assign/v0 v0x1008990_0, 0, 8;
    %delay 30, 0;
    %movi 8, 2, 2;
    %ix/load 0, 2, 0;
    %assign/v0 v0x1008990_0, 0, 8;
    %delay 40, 0;
    %ix/load 0, 2, 0;
    %assign/v0 v0x1008990_0, 0, 1;
    %delay 50, 0;
    %ix/load 0, 2, 0;
    %assign/v0 v0x1008990_0, 0, 0;
    %delay 500, 0;
    %vpi_call 2 55 "$finish";
    %end;
    .thread T_2;
# The file index is used to find the file name in the following table.
:file_names 3;
    "N/A";
    "<interactive>";
    "AluSeq.v";
