#! /usr/bin/vvp
:ivl_version "10.1 (stable)" "(v10_1)";
:ivl_delay_selection "TYPICAL";
:vpi_time_precision + 0;
:vpi_module "system";
:vpi_module "vhdl_sys";
:vpi_module "v2005_math";
:vpi_module "va_math";
S_0xb1ab10 .scope module, "test" "test" 2 29;
 .timescale 0 0;
v0xb3db60_0 .var "a", 3 0;
v0xb3dc40_0 .var "b", 3 0;
v0xb3dd10_0 .net "c", 7 0, L_0xb4e350;  1 drivers
v0xb3de10_0 .var "clk", 0 0;
v0xb3dee0_0 .var "e", 0 0;
o0x7f29aa2412e8 .functor BUFZ 1, C4<z>; HiZ drive
v0xb3df80_0 .net "valid", 0 0, o0x7f29aa2412e8;  0 drivers
S_0xb15350 .scope module, "M1" "multiplicador" 2 37, 2 1 0, S_0xb1ab10;
 .timescale 0 0;
    .port_info 0 /INPUT 1 "clk"
    .port_info 1 /INPUT 1 "e"
    .port_info 2 /INPUT 4 "a"
    .port_info 3 /INPUT 4 "b"
    .port_info 4 /OUTPUT 1 "valid"
    .port_info 5 /OUTPUT 8 "c"
L_0xb4e7a0 .functor AND 4, L_0xb4e620, v0xb3db60_0, C4<1111>, C4<1111>;
v0xb155c0_0 .net *"_s0", 31 0, L_0xb3e050;  1 drivers
L_0x7f29aa1f1018 .functor BUFT 1, C4<000000000000000000000000000000>, C4<0>, C4<0>, C4<0>;
v0xb3ccf0_0 .net *"_s3", 29 0, L_0x7f29aa1f1018;  1 drivers
L_0x7f29aa1f1060 .functor BUFT 1, C4<00000000000000000000000000000011>, C4<0>, C4<0>, C4<0>;
v0xb3cdd0_0 .net/2u *"_s4", 31 0, L_0x7f29aa1f1060;  1 drivers
v0xb3cec0_0 .net *"_s6", 0 0, L_0xb4e1e0;  1 drivers
L_0x7f29aa1f10a8 .functor BUFT 1, C4<00000000>, C4<0>, C4<0>, C4<0>;
v0xb3cf80_0 .net/2u *"_s8", 7 0, L_0x7f29aa1f10a8;  1 drivers
v0xb3d0b0_0 .net "a", 3 0, v0xb3db60_0;  1 drivers
v0xb3d190_0 .net "b", 3 0, v0xb3dc40_0;  1 drivers
v0xb3d270_0 .net "c", 7 0, L_0xb4e350;  alias, 1 drivers
v0xb3d350_0 .net "clk", 0 0, v0xb3de10_0;  1 drivers
v0xb3d4a0_0 .var "count", 1 0;
v0xb3d580_0 .net "e", 0 0, v0xb3dee0_0;  1 drivers
v0xb3d640_0 .net "m1", 0 0, L_0xb4e4e0;  1 drivers
v0xb3d700_0 .net "m4", 3 0, L_0xb4e620;  1 drivers
v0xb3d7e0_0 .net "r", 3 0, L_0xb4e7a0;  1 drivers
v0xb3d8c0_0 .var "total", 7 0;
v0xb3d9a0_0 .net "valid", 0 0, o0x7f29aa2412e8;  alias, 0 drivers
E_0xb15e60 .event posedge, v0xb3d350_0;
L_0xb3e050 .concat [ 2 30 0 0], v0xb3d4a0_0, L_0x7f29aa1f1018;
L_0xb4e1e0 .cmp/eq 32, L_0xb3e050, L_0x7f29aa1f1060;
L_0xb4e350 .functor MUXZ 8, L_0x7f29aa1f10a8, v0xb3d8c0_0, L_0xb4e1e0, C4<>;
L_0xb4e4e0 .part/v v0xb3dc40_0, v0xb3d4a0_0, 1;
L_0xb4e620 .concat [ 1 1 1 1], L_0xb4e4e0, L_0xb4e4e0, L_0xb4e4e0, L_0xb4e4e0;
    .scope S_0xb15350;
T_0 ;
    %wait E_0xb15e60;
    %load/vec4 v0xb3d580_0;
    %flag_set/vec4 8;
    %jmp/0xz  T_0.0, 8;
    %load/vec4 v0xb3d8c0_0;
    %ix/load 4, 1, 0;
    %flag_set/imm 4, 0;
    %shiftl 4;
    %load/vec4 v0xb3d7e0_0;
    %pad/u 8;
    %add;
    %store/vec4 v0xb3d8c0_0, 0, 8;
    %load/vec4 v0xb3d4a0_0;
    %addi 1, 0, 2;
    %store/vec4 v0xb3d4a0_0, 0, 2;
    %jmp T_0.1;
T_0.0 ;
    %pushi/vec4 0, 0, 2;
    %store/vec4 v0xb3d4a0_0, 0, 2;
    %pushi/vec4 0, 0, 8;
    %store/vec4 v0xb3d8c0_0, 0, 8;
T_0.1 ;
    %jmp T_0;
    .thread T_0;
    .scope S_0xb1ab10;
T_1 ;
    %pushi/vec4 0, 0, 1;
    %store/vec4 v0xb3de10_0, 0, 1;
    %end;
    .thread T_1;
    .scope S_0xb1ab10;
T_2 ;
    %delay 1, 0;
    %load/vec4 v0xb3de10_0;
    %nor/r;
    %store/vec4 v0xb3de10_0, 0, 1;
    %jmp T_2;
    .thread T_2;
    .scope S_0xb1ab10;
T_3 ;
    %vpi_call 2 40 "$dumpvars", 32'sb00000000000000000000000000000000, S_0xb15350 {0 0 0};
    %pushi/vec4 0, 0, 1;
    %store/vec4 v0xb3dee0_0, 0, 1;
    %delay 5, 0;
    %pushi/vec4 3, 0, 4;
    %store/vec4 v0xb3db60_0, 0, 4;
    %pushi/vec4 8, 0, 4;
    %store/vec4 v0xb3dc40_0, 0, 4;
    %pushi/vec4 1, 0, 1;
    %store/vec4 v0xb3dee0_0, 0, 1;
    %delay 15, 0;
    %vpi_call 2 47 "$finish" {0 0 0};
    %end;
    .thread T_3;
# The file index is used to find the file name in the following table.
:file_names 3;
    "N/A";
    "<interactive>";
    "multiplicadorEduardo.v";
